-------------------------------------------------------------------------------
Test set: MyCalculatorProperties
-------------------------------------------------------------------------------
Tests run: 2, Failures: 1, Errors: 0, Skipped: 0, Time elapsed: 0.376 s <<< FAILURE! - in MyCalculatorProperties
addingZeroToAnyNumberResultsInNumber  Time elapsed: 0.212 s  <<< FAILURE!
org.opentest4j.AssertionFailedError: 

expected: -1
 but was: 0
	at my.example.project.MyCalculatorProperties.addingZeroToAnyNumberResultsInNumber(MyCalculatorProperties.java:22)

